This file contains any messages produced by compilers while
running configure, to aid debugging if configure makes a mistake.

It was created by zeromq configure package, which was
generated by GNU Autoconf 2.72.  Invocation command line was

  $ ./configure --prefix=/Users/runner/sage-local --libdir=/Users/runner/sage-local/lib --disable-static --disable-maintainer-mode --disable-dependency-tracking --with-gaproot=/Users/runner/sage-local/lib/gap/

## --------- ##
## Platform. ##
## --------- ##

hostname = iad20-gt1023-4764328e-9a9b-489c-ba4a-5f9bba777bda-A67DC7B1B38A.local
uname -m = arm64
uname -r = 23.6.0
uname -s = Darwin
uname -v = Darwin Kernel Version 23.6.0: Mon Aug 11 21:19:48 PDT 2025; root:xnu-10063.141.1.706.13~1/RELEASE_ARM64_VMAPPLE

/usr/bin/uname -p = arm
/bin/uname -X     = unknown

/bin/arch              = unknown
/usr/bin/arch -k       = unknown
/usr/convex/getsysinfo = unknown
/usr/bin/hostinfo      = Mach kernel version:
	 Darwin Kernel Version 23.6.0: Mon Aug 11 21:19:48 PDT 2025; root:xnu-10063.141.1.706.13~1/RELEASE_ARM64_VMAPPLE
Kernel configured for up to 3 processors.
3 processors are physically available.
3 processors are logically available.
Processor type: arm64e (ARM64E)
Processors active: 0 1 2
Primary memory available: 7.00 gigabytes
Default processor set: 597 tasks, 1647 threads, 3 processors
Load average: 42.32, Mach factor: 0.06
/bin/machine           = unknown
/usr/bin/oslevel       = unknown
/bin/universe          = unknown

PATH: /Users/runner/sage-local/libexec/ccache/
PATH: /Users/runner/work/passagemath/passagemath/build/bin/
PATH: /Users/runner/work/passagemath/passagemath/tools/
PATH: /Users/runner/sage-local/var/lib/sage/venv-python3.9/bin/
PATH: /Users/runner/sage-local/bin/
PATH: /Users/runner/sage-local/libexec/ccache/
PATH: /Users/runner/work/passagemath/passagemath/build/bin/
PATH: /Users/runner/work/passagemath/passagemath/tools/
PATH: /Users/runner/sage-local/bin/
PATH: /Users/runner/work/passagemath/passagemath/src/bin/
PATH: /Users/runner/sage-local/bin/
PATH: /Users/runner/work/passagemath/passagemath/build/bin/
PATH: /Users/runner/work/passagemath/passagemath/src/bin/
PATH: /Users/runner/sage-local/bin/
PATH: /opt/homebrew/opt/make/libexec/gnubin/
PATH: /opt/homebrew/opt/texinfo/bin/
PATH: /opt/homebrew/opt/bzip2/bin/
PATH: /Users/runner/work/passagemath/passagemath/prefix/bin/
PATH: /opt/homebrew/lib/ruby/gems/3.3.0/bin/
PATH: /opt/homebrew/opt/ruby@3.3/bin/
PATH: /Users/runner/.local/bin/
PATH: /opt/homebrew/bin/
PATH: /opt/homebrew/sbin/
PATH: /Users/runner/.cargo/bin/
PATH: /usr/local/opt/curl/bin/
PATH: /usr/local/bin/
PATH: /usr/local/sbin/
PATH: /Users/runner/bin/
PATH: /Users/runner/.yarn/bin/
PATH: /Users/runner/Library/Android/sdk/tools/
PATH: /Users/runner/Library/Android/sdk/platform-tools/
PATH: /Library/Frameworks/Python.framework/Versions/Current/bin/
PATH: /Library/Frameworks/Mono.framework/Versions/Current/Commands/
PATH: /usr/bin/
PATH: /bin/
PATH: /usr/sbin/
PATH: /sbin/
PATH: /Users/runner/.dotnet/tools/


## ----------- ##
## Core tests. ##
## ----------- ##

configure:2350: checking for gcc
configure:2383: result: gcc
configure:2742: checking for C compiler version
configure:2751: gcc --version >&5
Apple clang version 15.0.0 (clang-1500.3.9.4)
Target: arm64-apple-darwin23.6.0
Thread model: posix
InstalledDir: /Applications/Xcode_15.4.app/Contents/Developer/Toolchains/XcodeDefault.xctoolchain/usr/bin
configure:2762: $? = 0
configure:2751: gcc -v >&5
Apple clang version 15.0.0 (clang-1500.3.9.4)
Target: arm64-apple-darwin23.6.0
Thread model: posix
InstalledDir: /Applications/Xcode_15.4.app/Contents/Developer/Toolchains/XcodeDefault.xctoolchain/usr/bin
configure:2762: $? = 0
configure:2751: gcc -V >&5
clang: error: argument to '-V' is missing (expected 1 value)
clang: error: no input files
configure:2762: $? = 1
configure:2751: gcc -qversion >&5
clang: error: unknown argument '-qversion'; did you mean '--version'?
clang: error: no input files
configure:2762: $? = 1
configure:2751: gcc -version >&5
clang: error: unknown argument '-version'; did you mean '--version'?
clang: error: no input files
configure:2762: $? = 1
configure:2782: checking whether the C compiler works
configure:2804: gcc -g -O2 -Wno-implicit-function-declaration  -L/Users/runner/sage-local/lib -L/Users/runner/sage-local/lib -L/Users/runner/sage-local/lib -Wl,-ld_classic -Wl,-headerpad_max_install_names  -Wl,-ld_classic conftest.c  >&5
configure:2808: $? = 0
configure:2859: result: yes
configure:2863: checking for C compiler default output file name
configure:2865: result: a.out
configure:2871: checking for suffix of executables
configure:2878: gcc -o conftest -g -O2 -Wno-implicit-function-declaration  -L/Users/runner/sage-local/lib -L/Users/runner/sage-local/lib -L/Users/runner/sage-local/lib -Wl,-ld_classic -Wl,-headerpad_max_install_names  -Wl,-ld_classic conftest.c  >&5
configure:2882: $? = 0
configure:2906: result: 
configure:2930: checking whether we are cross compiling
configure:2938: gcc -o conftest -g -O2 -Wno-implicit-function-declaration  -L/Users/runner/sage-local/lib -L/Users/runner/sage-local/lib -L/Users/runner/sage-local/lib -Wl,-ld_classic -Wl,-headerpad_max_install_names  -Wl,-ld_classic conftest.c  >&5
configure:2942: $? = 0
configure:2949: ./conftest
configure:2953: $? = 0
configure:2968: result: no
configure:2974: checking for suffix of object files
configure:2997: gcc -c -g -O2 -Wno-implicit-function-declaration  conftest.c >&5
configure:3001: $? = 0
configure:3025: result: o
configure:3029: checking whether the compiler supports GNU C
configure:3049: gcc -c -g -O2 -Wno-implicit-function-declaration  conftest.c >&5
configure:3049: $? = 0
configure:3061: result: yes
configure:3072: checking whether gcc accepts -g
configure:3093: gcc -c -g  conftest.c >&5
configure:3093: $? = 0
configure:3140: result: yes
configure:3160: checking for gcc option to enable C11 features
configure:3175: gcc  -c -g -O2 -Wno-implicit-function-declaration  conftest.c >&5
configure:3175: $? = 0
configure:3194: result: none needed
configure:3329: checking for GAP root directory
configure:3346: result: /Users/runner/sage-local/lib/gap
configure:3370: checking for GAP architecture
configure:3377: result: aarch64-apple-darwin23-default64-kv10
configure:3429: checking for stdio.h
configure:3429: gcc -c -g -O2 -Wno-implicit-function-declaration  conftest.c >&5
configure:3429: $? = 0
configure:3429: result: yes
configure:3429: checking for stdlib.h
configure:3429: gcc -c -g -O2 -Wno-implicit-function-declaration  conftest.c >&5
configure:3429: $? = 0
configure:3429: result: yes
configure:3429: checking for string.h
configure:3429: gcc -c -g -O2 -Wno-implicit-function-declaration  conftest.c >&5
configure:3429: $? = 0
configure:3429: result: yes
configure:3429: checking for inttypes.h
configure:3429: gcc -c -g -O2 -Wno-implicit-function-declaration  conftest.c >&5
configure:3429: $? = 0
configure:3429: result: yes
configure:3429: checking for stdint.h
configure:3429: gcc -c -g -O2 -Wno-implicit-function-declaration  conftest.c >&5
configure:3429: $? = 0
configure:3429: result: yes
configure:3429: checking for strings.h
configure:3429: gcc -c -g -O2 -Wno-implicit-function-declaration  conftest.c >&5
configure:3429: $? = 0
configure:3429: result: yes
configure:3429: checking for sys/stat.h
configure:3429: gcc -c -g -O2 -Wno-implicit-function-declaration  conftest.c >&5
configure:3429: $? = 0
configure:3429: result: yes
configure:3429: checking for sys/types.h
configure:3429: gcc -c -g -O2 -Wno-implicit-function-declaration  conftest.c >&5
configure:3429: $? = 0
configure:3429: result: yes
configure:3429: checking for unistd.h
configure:3429: gcc -c -g -O2 -Wno-implicit-function-declaration  conftest.c >&5
configure:3429: $? = 0
configure:3429: result: yes
configure:3459: checking how to run the C preprocessor
configure:3485: gcc -E  conftest.c
configure:3485: $? = 0
configure:3501: gcc -E  conftest.c
conftest.c:19:10: fatal error: 'ac_nonexistent.h' file not found
#include <ac_nonexistent.h>
         ^~~~~~~~~~~~~~~~~~
1 error generated.
configure:3501: $? = 1
configure: failed program was:
| /* confdefs.h */
| #define PACKAGE_NAME "zeromq"
| #define PACKAGE_TARNAME "ZeroMQInterface"
| #define PACKAGE_VERSION "package"
| #define PACKAGE_STRING "zeromq package"
| #define PACKAGE_BUGREPORT "https://github.com/gap-packages/zeromq/issues"
| #define PACKAGE_URL "https://gap-packages.github.io/ZeroMQInterface/"
| #define HAVE_STDIO_H 1
| #define HAVE_STDLIB_H 1
| #define HAVE_STRING_H 1
| #define HAVE_INTTYPES_H 1
| #define HAVE_STDINT_H 1
| #define HAVE_STRINGS_H 1
| #define HAVE_SYS_STAT_H 1
| #define HAVE_SYS_TYPES_H 1
| #define HAVE_UNISTD_H 1
| #define STDC_HEADERS 1
| /* end confdefs.h.  */
| #include <ac_nonexistent.h>
configure:3530: result: gcc -E
configure:3544: gcc -E  conftest.c
configure:3544: $? = 0
configure:3560: gcc -E  conftest.c
conftest.c:19:10: fatal error: 'ac_nonexistent.h' file not found
#include <ac_nonexistent.h>
         ^~~~~~~~~~~~~~~~~~
1 error generated.
configure:3560: $? = 1
configure: failed program was:
| /* confdefs.h */
| #define PACKAGE_NAME "zeromq"
| #define PACKAGE_TARNAME "ZeroMQInterface"
| #define PACKAGE_VERSION "package"
| #define PACKAGE_STRING "zeromq package"
| #define PACKAGE_BUGREPORT "https://github.com/gap-packages/zeromq/issues"
| #define PACKAGE_URL "https://gap-packages.github.io/ZeroMQInterface/"
| #define HAVE_STDIO_H 1
| #define HAVE_STDLIB_H 1
| #define HAVE_STRING_H 1
| #define HAVE_INTTYPES_H 1
| #define HAVE_STDINT_H 1
| #define HAVE_STRINGS_H 1
| #define HAVE_SYS_STAT_H 1
| #define HAVE_SYS_TYPES_H 1
| #define HAVE_UNISTD_H 1
| #define STDC_HEADERS 1
| /* end confdefs.h.  */
| #include <ac_nonexistent.h>
configure:3593: checking for egrep -e
configure:3723: result: /usr/bin/grep -E
configure:3742: BREW zeromq detected
configure:3766: checking for zmq.h
configure:3766: gcc -c -g -O2 -Wno-implicit-function-declaration  -I/opt/homebrew/opt/zeromq/include conftest.c >&5
configure:3766: $? = 0
configure:3766: result: yes
configure:3784: checking for ZMQ version >= 2.0.0
configure:3800: result: yes
configure:3987: creating ./config.status

## ---------------------- ##
## Running config.status. ##
## ---------------------- ##

This file was extended by zeromq config.status package, which was
generated by GNU Autoconf 2.72.  Invocation command line was

  CONFIG_FILES    = 
  CONFIG_HEADERS  = 
  CONFIG_LINKS    = 
  CONFIG_COMMANDS = 
  $ ./config.status 

on iad20-gt1023-4764328e-9a9b-489c-ba4a-5f9bba777bda-A67DC7B1B38A.local

config.status:729: creating Makefile
configure:4987: WARNING: unrecognized options: --disable-static, --disable-maintainer-mode, --disable-dependency-tracking

## ---------------- ##
## Cache variables. ##
## ---------------- ##

ac_cv_c_compiler_gnu=yes
ac_cv_env_CC_set=set
ac_cv_env_CC_value=gcc
ac_cv_env_CFLAGS_set=set
ac_cv_env_CFLAGS_value='-g -O2 -Wno-implicit-function-declaration'
ac_cv_env_CPPFLAGS_set=
ac_cv_env_CPPFLAGS_value=
ac_cv_env_CPP_set=
ac_cv_env_CPP_value=
ac_cv_env_LDFLAGS_set=set
ac_cv_env_LDFLAGS_value='-L/Users/runner/sage-local/lib -L/Users/runner/sage-local/lib -L/Users/runner/sage-local/lib -Wl,-ld_classic -Wl,-headerpad_max_install_names  -Wl,-ld_classic'
ac_cv_env_LIBS_set=
ac_cv_env_LIBS_value=
ac_cv_env_build_alias_set=
ac_cv_env_build_alias_value=
ac_cv_env_host_alias_set=
ac_cv_env_host_alias_value=
ac_cv_env_target_alias_set=
ac_cv_env_target_alias_value=
ac_cv_header_inttypes_h=yes
ac_cv_header_stdint_h=yes
ac_cv_header_stdio_h=yes
ac_cv_header_stdlib_h=yes
ac_cv_header_string_h=yes
ac_cv_header_strings_h=yes
ac_cv_header_sys_stat_h=yes
ac_cv_header_sys_types_h=yes
ac_cv_header_unistd_h=yes
ac_cv_header_zmq_h=yes
ac_cv_objext=o
ac_cv_path_EGREP_TRADITIONAL='/usr/bin/grep -E'
ac_cv_prog_CPP='gcc -E'
ac_cv_prog_ac_ct_CC=gcc
ac_cv_prog_cc_c11=
ac_cv_prog_cc_g=yes
ac_cv_prog_cc_stdc=

## ----------------- ##
## Output variables. ##
## ----------------- ##

CC='gcc'
CFLAGS='-g -O2 -Wno-implicit-function-declaration'
CPP='gcc -E'
CPPFLAGS=' -I/opt/homebrew/opt/zeromq/include'
DEFS='-DPACKAGE_NAME=\"zeromq\" -DPACKAGE_TARNAME=\"ZeroMQInterface\" -DPACKAGE_VERSION=\"package\" -DPACKAGE_STRING=\"zeromq\ package\" -DPACKAGE_BUGREPORT=\"https://github.com/gap-packages/zeromq/issues\" -DPACKAGE_URL=\"https://gap-packages.github.io/ZeroMQInterface/\" -DHAVE_STDIO_H=1 -DHAVE_STDLIB_H=1 -DHAVE_STRING_H=1 -DHAVE_INTTYPES_H=1 -DHAVE_STDINT_H=1 -DHAVE_STRINGS_H=1 -DHAVE_SYS_STAT_H=1 -DHAVE_SYS_TYPES_H=1 -DHAVE_UNISTD_H=1 -DSTDC_HEADERS=1 -DHAVE_ZMQ=/\*\*/'
ECHO_C='\c'
ECHO_N=''
ECHO_T=''
EXEEXT=''
GAPARCH='aarch64-apple-darwin23-default64-kv10'
GAPROOT='/Users/runner/sage-local/lib/gap'
GAP_CFLAGS=' -pthread -g -O2'
GAP_CPPFLAGS='-I/Users/runner/sage-local/include/gap/extra -DUSE_GASMAN=1 -I/src'
GAP_LDFLAGS=''
LDFLAGS='-L/Users/runner/sage-local/lib -L/Users/runner/sage-local/lib -L/Users/runner/sage-local/lib -Wl,-ld_classic -Wl,-headerpad_max_install_names  -Wl,-ld_classic'
LIBOBJS=''
LIBS=''
LTLIBOBJS=''
OBJEXT='o'
PACKAGE_BUGREPORT='https://github.com/gap-packages/zeromq/issues'
PACKAGE_NAME='zeromq'
PACKAGE_STRING='zeromq package'
PACKAGE_TARNAME='ZeroMQInterface'
PACKAGE_URL='https://gap-packages.github.io/ZeroMQInterface/'
PACKAGE_VERSION='package'
PATH_SEPARATOR=':'
SHELL='/bin/bash'
ZMQ_CPPFLAGS='-I/opt/homebrew/opt/zeromq/include'
ZMQ_LDFLAGS='-L/opt/homebrew/opt/zeromq/lib'
ZMQ_LIBS='-lzmq'
ac_ct_CC='gcc'
bindir='${exec_prefix}/bin'
build_alias=''
datadir='${datarootdir}'
datarootdir='${prefix}/share'
docdir='${datarootdir}/doc/${PACKAGE_TARNAME}'
dvidir='${docdir}'
exec_prefix='${prefix}'
host_alias=''
htmldir='${docdir}'
includedir='${prefix}/include'
infodir='${datarootdir}/info'
libdir='/Users/runner/sage-local/lib'
libexecdir='${exec_prefix}/libexec'
localedir='${datarootdir}/locale'
localstatedir='${prefix}/var'
mandir='${datarootdir}/man'
oldincludedir='/usr/include'
pdfdir='${docdir}'
prefix='/Users/runner/sage-local'
program_transform_name='s,x,x,'
psdir='${docdir}'
runstatedir='${localstatedir}/run'
sbindir='${exec_prefix}/sbin'
sharedstatedir='${prefix}/com'
sysconfdir='${prefix}/etc'
target_alias=''

## ----------- ##
## confdefs.h. ##
## ----------- ##

/* confdefs.h */
#define PACKAGE_NAME "zeromq"
#define PACKAGE_TARNAME "ZeroMQInterface"
#define PACKAGE_VERSION "package"
#define PACKAGE_STRING "zeromq package"
#define PACKAGE_BUGREPORT "https://github.com/gap-packages/zeromq/issues"
#define PACKAGE_URL "https://gap-packages.github.io/ZeroMQInterface/"
#define HAVE_STDIO_H 1
#define HAVE_STDLIB_H 1
#define HAVE_STRING_H 1
#define HAVE_INTTYPES_H 1
#define HAVE_STDINT_H 1
#define HAVE_STRINGS_H 1
#define HAVE_SYS_STAT_H 1
#define HAVE_SYS_TYPES_H 1
#define HAVE_UNISTD_H 1
#define STDC_HEADERS 1
#define HAVE_ZMQ /**/

configure: exit 0
